{"/home/runner/work/url-shortener/url-shortener/src/index.ts": {"path":"/home/runner/work/url-shortener/url-shortener/src/index.ts","statementMap":{"0":{"start":{"line":1,"column":0},"end":{"line":1,"column":9}},"1":{"start":{"line":3,"column":9},"end":{"line":1,"column":57}},"2":{"start":{"line":4,"column":0},"end":{"line":4,"column":28}}},"fnMap":{"0":{"name":"(anonymous_0)","decl":{"start":{"line":3,"column":9},"end":{"line":3,"column":21}},"loc":{"start":{"line":3,"column":9},"end":{"line":1,"column":57}}}},"branchMap":{},"s":{"0":1,"1":11,"2":1},"f":{"0":10},"b":{}}
,"/home/runner/work/url-shortener/url-shortener/src/components/URLShortener.ts": {"path":"/home/runner/work/url-shortener/url-shortener/src/components/URLShortener.ts","statementMap":{"0":{"start":{"line":5,"column":0},"end":{"line":5,"column":57}},"1":{"start":{"line":6,"column":0},"end":{"line":6,"column":56}},"2":{"start":{"line":24,"column":4},"end":{"line":24,"column":33}},"3":{"start":{"line":25,"column":4},"end":{"line":25,"column":23}},"4":{"start":{"line":35,"column":4},"end":{"line":37,"column":5}},"5":{"start":{"line":36,"column":6},"end":{"line":36,"column":45}},"6":{"start":{"line":41,"column":6},"end":{"line":41,"column":75}},"7":{"start":{"line":44,"column":4},"end":{"line":52,"column":5}},"8":{"start":{"line":45,"column":6},"end":{"line":47,"column":7}},"9":{"start":{"line":46,"column":8},"end":{"line":46,"column":52}},"10":{"start":{"line":49,"column":6},"end":{"line":51,"column":44}},"11":{"start":{"line":50,"column":8},"end":{"line":50,"column":68}},"12":{"start":{"line":54,"column":40},"end":{"line":54,"column":49}},"13":{"start":{"line":55,"column":4},"end":{"line":63,"column":5}},"14":{"start":{"line":57,"column":6},"end":{"line":59,"column":20}},"15":{"start":{"line":61,"column":6},"end":{"line":61,"column":55}},"16":{"start":{"line":62,"column":6},"end":{"line":62,"column":18}},"17":{"start":{"line":65,"column":4},"end":{"line":71,"column":5}},"18":{"start":{"line":67,"column":6},"end":{"line":67,"column":63}},"19":{"start":{"line":69,"column":6},"end":{"line":69,"column":58}},"20":{"start":{"line":70,"column":6},"end":{"line":70,"column":55}},"21":{"start":{"line":74,"column":4},"end":{"line":74,"column":41}},"22":{"start":{"line":83,"column":4},"end":{"line":88,"column":5}},"23":{"start":{"line":84,"column":6},"end":{"line":84,"column":42}},"24":{"start":{"line":86,"column":6},"end":{"line":86,"column":52}},"25":{"start":{"line":87,"column":6},"end":{"line":87,"column":18}},"26":{"start":{"line":90,"column":4},"end":{"line":92,"column":5}},"27":{"start":{"line":91,"column":6},"end":{"line":91,"column":18}},"28":{"start":{"line":95,"column":4},"end":{"line":102,"column":5}},"29":{"start":{"line":96,"column":6},"end":{"line":100,"column":7}},"30":{"start":{"line":97,"column":8},"end":{"line":97,"column":39}},"31":{"start":{"line":99,"column":8},"end":{"line":99,"column":60}},"32":{"start":{"line":101,"column":6},"end":{"line":101,"column":18}},"33":{"start":{"line":104,"column":4},"end":{"line":104,"column":21}},"34":{"start":{"line":111,"column":4},"end":{"line":116,"column":5}},"35":{"start":{"line":112,"column":6},"end":{"line":112,"column":19}},"36":{"start":{"line":113,"column":6},"end":{"line":113,"column":18}},"37":{"start":{"line":115,"column":6},"end":{"line":115,"column":19}},"38":{"start":{"line":123,"column":15},"end":{"line":123,"column":17}},"39":{"start":{"line":124,"column":4},"end":{"line":127,"column":5}},"40":{"start":{"line":124,"column":17},"end":{"line":124,"column":18}},"41":{"start":{"line":125,"column":26},"end":{"line":125,"column":82}},"42":{"start":{"line":126,"column":6},"end":{"line":126,"column":49}},"43":{"start":{"line":128,"column":4},"end":{"line":128,"column":16}},"44":{"start":{"line":12,"column":0},"end":{"line":12,"column":13}},"45":{"start":{"line":16,"column":26},"end":{"line":16,"column":50}},"46":{"start":{"line":17,"column":26},"end":{"line":18,"column":69}}},"fnMap":{"0":{"name":"(anonymous_0)","decl":{"start":{"line":20,"column":2},"end":{"line":20,"column":null}},"loc":{"start":{"line":22,"column":45},"end":{"line":26,"column":3}}},"1":{"name":"(anonymous_1)","decl":{"start":{"line":33,"column":2},"end":{"line":33,"column":7}},"loc":{"start":{"line":33,"column":57},"end":{"line":75,"column":3}}},"2":{"name":"(anonymous_2)","decl":{"start":{"line":81,"column":2},"end":{"line":81,"column":7}},"loc":{"start":{"line":81,"column":29},"end":{"line":105,"column":3}}},"3":{"name":"(anonymous_3)","decl":{"start":{"line":110,"column":10},"end":{"line":110,"column":20}},"loc":{"start":{"line":110,"column":32},"end":{"line":117,"column":3}}},"4":{"name":"(anonymous_4)","decl":{"start":{"line":122,"column":10},"end":{"line":122,"column":22}},"loc":{"start":{"line":122,"column":37},"end":{"line":129,"column":3}}}},"branchMap":{"0":{"loc":{"start":{"line":21,"column":4},"end":{"line":21,"column":33}},"type":"default-arg","locations":[{"start":{"line":21,"column":17},"end":{"line":21,"column":33}}]},"1":{"loc":{"start":{"line":22,"column":4},"end":{"line":22,"column":45}},"type":"default-arg","locations":[{"start":{"line":22,"column":26},"end":{"line":22,"column":45}}]},"2":{"loc":{"start":{"line":35,"column":4},"end":{"line":37,"column":5}},"type":"if","locations":[{"start":{"line":35,"column":4},"end":{"line":37,"column":5}}]},"3":{"loc":{"start":{"line":41,"column":6},"end":{"line":41,"column":75}},"type":"binary-expr","locations":[{"start":{"line":41,"column":6},"end":{"line":41,"column":20}},{"start":{"line":41,"column":24},"end":{"line":41,"column":75}}]},"4":{"loc":{"start":{"line":44,"column":4},"end":{"line":52,"column":5}},"type":"if","locations":[{"start":{"line":44,"column":4},"end":{"line":52,"column":5}}]},"5":{"loc":{"start":{"line":45,"column":6},"end":{"line":47,"column":7}},"type":"if","locations":[{"start":{"line":45,"column":6},"end":{"line":47,"column":7}}]},"6":{"loc":{"start":{"line":57,"column":18},"end":{"line":59,"column":19}},"type":"cond-expr","locations":[{"start":{"line":58,"column":10},"end":{"line":58,"column":56}},{"start":{"line":59,"column":10},"end":{"line":59,"column":19}}]},"7":{"loc":{"start":{"line":90,"column":4},"end":{"line":92,"column":5}},"type":"if","locations":[{"start":{"line":90,"column":4},"end":{"line":92,"column":5}}]},"8":{"loc":{"start":{"line":95,"column":4},"end":{"line":102,"column":5}},"type":"if","locations":[{"start":{"line":95,"column":4},"end":{"line":102,"column":5}}]},"9":{"loc":{"start":{"line":95,"column":8},"end":{"line":95,"column":55}},"type":"binary-expr","locations":[{"start":{"line":95,"column":8},"end":{"line":95,"column":23}},{"start":{"line":95,"column":27},"end":{"line":95,"column":55}}]}},"s":{"0":1,"1":1,"2":10,"3":10,"4":10,"5":1,"6":9,"7":9,"8":1,"9":1,"10":0,"11":0,"12":8,"13":8,"14":8,"15":0,"16":0,"17":8,"18":8,"19":0,"20":0,"21":8,"22":8,"23":8,"24":0,"25":0,"26":8,"27":2,"28":6,"29":2,"30":2,"31":0,"32":2,"33":4,"34":10,"35":10,"36":9,"37":1,"38":1,"39":1,"40":1,"41":6,"42":6,"43":1,"44":1,"45":1,"46":1},"f":{"0":10,"1":10,"2":8,"3":10,"4":1},"b":{"0":[0],"1":[6],"2":[1],"3":[9,1],"4":[1],"5":[1],"6":[3,5],"7":[2],"8":[2],"9":[6,2]}}
,"/home/runner/work/url-shortener/url-shortener/src/stores/fileStore.ts": {"path":"/home/runner/work/url-shortener/url-shortener/src/stores/fileStore.ts","statementMap":{"0":{"start":{"line":3,"column":0},"end":{"line":3,"column":20}},"1":{"start":{"line":15,"column":4},"end":{"line":15,"column":29}},"2":{"start":{"line":17,"column":4},"end":{"line":17,"column":29}},"3":{"start":{"line":22,"column":4},"end":{"line":29,"column":5}},"4":{"start":{"line":23,"column":6},"end":{"line":23,"column":51}},"5":{"start":{"line":23,"column":41},"end":{"line":23,"column":51}},"6":{"start":{"line":24,"column":19},"end":{"line":24,"column":58}},"7":{"start":{"line":25,"column":6},"end":{"line":25,"column":30}},"8":{"start":{"line":27,"column":6},"end":{"line":27,"column":56}},"9":{"start":{"line":28,"column":6},"end":{"line":28,"column":16}},"10":{"start":{"line":34,"column":4},"end":{"line":39,"column":5}},"11":{"start":{"line":35,"column":6},"end":{"line":35,"column":75}},"12":{"start":{"line":37,"column":6},"end":{"line":37,"column":55}},"13":{"start":{"line":43,"column":4},"end":{"line":43,"column":37}},"14":{"start":{"line":47,"column":4},"end":{"line":47,"column":30}},"15":{"start":{"line":48,"column":4},"end":{"line":48,"column":16}},"16":{"start":{"line":52,"column":4},"end":{"line":52,"column":29}},"17":{"start":{"line":53,"column":4},"end":{"line":53,"column":16}},"18":{"start":{"line":57,"column":4},"end":{"line":57,"column":31}},"19":{"start":{"line":61,"column":4},"end":{"line":61,"column":29}},"20":{"start":{"line":65,"column":16},"end":{"line":65,"column":26}},"21":{"start":{"line":66,"column":4},"end":{"line":70,"column":5}},"22":{"start":{"line":67,"column":6},"end":{"line":69,"column":7}},"23":{"start":{"line":68,"column":8},"end":{"line":68,"column":33}},"24":{"start":{"line":71,"column":4},"end":{"line":71,"column":16}},"25":{"start":{"line":10,"column":0},"end":{"line":10,"column":13}}},"fnMap":{"0":{"name":"(anonymous_1)","decl":{"start":{"line":14,"column":2},"end":{"line":14,"column":14}},"loc":{"start":{"line":14,"column":43},"end":{"line":18,"column":3}}},"1":{"name":"(anonymous_2)","decl":{"start":{"line":21,"column":10},"end":{"line":21,"column":14}},"loc":{"start":{"line":21,"column":14},"end":{"line":30,"column":3}}},"2":{"name":"(anonymous_3)","decl":{"start":{"line":33,"column":10},"end":{"line":33,"column":14}},"loc":{"start":{"line":33,"column":14},"end":{"line":40,"column":3}}},"3":{"name":"(anonymous_4)","decl":{"start":{"line":42,"column":2},"end":{"line":42,"column":7}},"loc":{"start":{"line":42,"column":25},"end":{"line":44,"column":3}}},"4":{"name":"(anonymous_5)","decl":{"start":{"line":46,"column":2},"end":{"line":46,"column":7}},"loc":{"start":{"line":46,"column":44},"end":{"line":49,"column":3}}},"5":{"name":"(anonymous_6)","decl":{"start":{"line":51,"column":2},"end":{"line":51,"column":7}},"loc":{"start":{"line":51,"column":28},"end":{"line":54,"column":3}}},"6":{"name":"(anonymous_7)","decl":{"start":{"line":56,"column":2},"end":{"line":56,"column":7}},"loc":{"start":{"line":56,"column":25},"end":{"line":58,"column":3}}},"7":{"name":"(anonymous_8)","decl":{"start":{"line":60,"column":2},"end":{"line":60,"column":7}},"loc":{"start":{"line":60,"column":12},"end":{"line":62,"column":3}}},"8":{"name":"(anonymous_9)","decl":{"start":{"line":64,"column":2},"end":{"line":64,"column":7}},"loc":{"start":{"line":64,"column":20},"end":{"line":72,"column":3}}}},"branchMap":{"0":{"loc":{"start":{"line":14,"column":14},"end":{"line":14,"column":43}},"type":"default-arg","locations":[{"start":{"line":14,"column":25},"end":{"line":14,"column":43}}]},"1":{"loc":{"start":{"line":23,"column":6},"end":{"line":23,"column":51}},"type":"if","locations":[{"start":{"line":23,"column":6},"end":{"line":23,"column":51}}]},"2":{"loc":{"start":{"line":43,"column":11},"end":{"line":43,"column":36}},"type":"binary-expr","locations":[{"start":{"line":43,"column":11},"end":{"line":43,"column":28}},{"start":{"line":43,"column":32},"end":{"line":43,"column":36}}]},"3":{"loc":{"start":{"line":67,"column":6},"end":{"line":69,"column":7}},"type":"if","locations":[{"start":{"line":67,"column":6},"end":{"line":69,"column":7}}]},"4":{"loc":{"start":{"line":67,"column":10},"end":{"line":67,"column":74}},"type":"binary-expr","locations":[{"start":{"line":67,"column":10},"end":{"line":67,"column":37}},{"start":{"line":67,"column":41},"end":{"line":67,"column":74}}]}},"s":{"0":1,"1":2,"2":2,"3":2,"4":2,"5":2,"6":0,"7":0,"8":0,"9":0,"10":3,"11":3,"12":0,"13":2,"14":2,"15":2,"16":1,"17":1,"18":2,"19":0,"20":0,"21":0,"22":0,"23":0,"24":0,"25":1},"f":{"0":2,"1":2,"2":3,"3":2,"4":2,"5":1,"6":2,"7":0,"8":0},"b":{"0":[0],"1":[2],"2":[2,0],"3":[0],"4":[0,0]}}
,"/home/runner/work/url-shortener/url-shortener/src/stores/inMemoryStore.ts": {"path":"/home/runner/work/url-shortener/url-shortener/src/stores/inMemoryStore.ts","statementMap":{"0":{"start":{"line":8,"column":10},"end":{"line":8,"column":48}},"1":{"start":{"line":12,"column":4},"end":{"line":12,"column":41}},"2":{"start":{"line":17,"column":4},"end":{"line":17,"column":33}},"3":{"start":{"line":22,"column":4},"end":{"line":22,"column":29}},"4":{"start":{"line":27,"column":4},"end":{"line":27,"column":33}},"5":{"start":{"line":32,"column":47},"end":{"line":32,"column":49}},"6":{"start":{"line":33,"column":4},"end":{"line":35,"column":5}},"7":{"start":{"line":34,"column":6},"end":{"line":34,"column":26}},"8":{"start":{"line":36,"column":4},"end":{"line":36,"column":18}},"9":{"start":{"line":41,"column":16},"end":{"line":41,"column":26}},"10":{"start":{"line":42,"column":4},"end":{"line":46,"column":5}},"11":{"start":{"line":43,"column":6},"end":{"line":45,"column":7}},"12":{"start":{"line":44,"column":8},"end":{"line":44,"column":31}},"13":{"start":{"line":7,"column":0},"end":{"line":7,"column":13}}},"fnMap":{"0":{"name":"(anonymous_0)","decl":{"start":{"line":7,"column":0},"end":{"line":7,"column":13}},"loc":{"start":{"line":7,"column":0},"end":{"line":48,"column":1}}},"1":{"name":"(anonymous_1)","decl":{"start":{"line":11,"column":2},"end":{"line":11,"column":7}},"loc":{"start":{"line":11,"column":25},"end":{"line":13,"column":3}}},"2":{"name":"(anonymous_2)","decl":{"start":{"line":16,"column":2},"end":{"line":16,"column":7}},"loc":{"start":{"line":16,"column":44},"end":{"line":18,"column":3}}},"3":{"name":"(anonymous_3)","decl":{"start":{"line":21,"column":2},"end":{"line":21,"column":7}},"loc":{"start":{"line":21,"column":28},"end":{"line":23,"column":3}}},"4":{"name":"(anonymous_4)","decl":{"start":{"line":26,"column":2},"end":{"line":26,"column":7}},"loc":{"start":{"line":26,"column":25},"end":{"line":28,"column":3}}},"5":{"name":"(anonymous_5)","decl":{"start":{"line":31,"column":2},"end":{"line":31,"column":7}},"loc":{"start":{"line":31,"column":12},"end":{"line":37,"column":3}}},"6":{"name":"(anonymous_6)","decl":{"start":{"line":40,"column":2},"end":{"line":40,"column":7}},"loc":{"start":{"line":40,"column":20},"end":{"line":47,"column":3}}}},"branchMap":{"0":{"loc":{"start":{"line":12,"column":11},"end":{"line":12,"column":40}},"type":"binary-expr","locations":[{"start":{"line":12,"column":11},"end":{"line":12,"column":32}},{"start":{"line":12,"column":36},"end":{"line":12,"column":40}}]},"1":{"loc":{"start":{"line":43,"column":6},"end":{"line":45,"column":7}},"type":"if","locations":[{"start":{"line":43,"column":6},"end":{"line":45,"column":7}}]},"2":{"loc":{"start":{"line":43,"column":10},"end":{"line":43,"column":50}},"type":"binary-expr","locations":[{"start":{"line":43,"column":10},"end":{"line":43,"column":25}},{"start":{"line":43,"column":29},"end":{"line":43,"column":50}}]}},"s":{"0":6,"1":4,"2":4,"3":1,"4":5,"5":0,"6":0,"7":0,"8":0,"9":0,"10":0,"11":0,"12":0,"13":1},"f":{"0":6,"1":4,"2":4,"3":1,"4":5,"5":0,"6":0},"b":{"0":[4,1],"1":[0],"2":[0,0]}}
,"/home/runner/work/url-shortener/url-shortener/src/utils/parseExpiresIn.ts": {"path":"/home/runner/work/url-shortener/url-shortener/src/utils/parseExpiresIn.ts","statementMap":{"0":{"start":{"line":15,"column":0},"end":{"line":15,"column":16}},"1":{"start":{"line":17,"column":2},"end":{"line":17,"column":46}},"2":{"start":{"line":17,"column":33},"end":{"line":17,"column":46}},"3":{"start":{"line":20,"column":21},"end":{"line":20,"column":23}},"4":{"start":{"line":21,"column":24},"end":{"line":21,"column":28}},"5":{"start":{"line":22,"column":24},"end":{"line":22,"column":50}},"6":{"start":{"line":23,"column":22},"end":{"line":23,"column":48}},"7":{"start":{"line":25,"column":2},"end":{"line":60,"column":3}},"8":{"start":{"line":28,"column":18},"end":{"line":28,"column":46}},"9":{"start":{"line":29,"column":28},"end":{"line":29,"column":29}},"10":{"start":{"line":33,"column":4},"end":{"line":54,"column":5}},"11":{"start":{"line":34,"column":34},"end":{"line":34,"column":39}},"12":{"start":{"line":35,"column":21},"end":{"line":35,"column":42}},"13":{"start":{"line":37,"column":6},"end":{"line":53,"column":7}},"14":{"start":{"line":39,"column":10},"end":{"line":39,"column":38}},"15":{"start":{"line":40,"column":10},"end":{"line":40,"column":16}},"16":{"start":{"line":42,"column":10},"end":{"line":42,"column":54}},"17":{"start":{"line":43,"column":10},"end":{"line":43,"column":16}},"18":{"start":{"line":45,"column":10},"end":{"line":45,"column":54}},"19":{"start":{"line":46,"column":10},"end":{"line":46,"column":16}},"20":{"start":{"line":48,"column":10},"end":{"line":48,"column":52}},"21":{"start":{"line":49,"column":10},"end":{"line":49,"column":16}},"22":{"start":{"line":52,"column":10},"end":{"line":52,"column":54}},"23":{"start":{"line":57,"column":4},"end":{"line":59,"column":5}},"24":{"start":{"line":58,"column":6},"end":{"line":58,"column":31}},"25":{"start":{"line":63,"column":2},"end":{"line":63,"column":46}}},"fnMap":{"0":{"name":"parseExpiresIn","decl":{"start":{"line":15,"column":16},"end":{"line":15,"column":30}},"loc":{"start":{"line":15,"column":53},"end":{"line":64,"column":1}}}},"branchMap":{"0":{"loc":{"start":{"line":17,"column":2},"end":{"line":17,"column":46}},"type":"if","locations":[{"start":{"line":17,"column":2},"end":{"line":17,"column":46}}]},"1":{"loc":{"start":{"line":25,"column":2},"end":{"line":60,"column":3}},"type":"if","locations":[{"start":{"line":25,"column":2},"end":{"line":60,"column":3}}]},"2":{"loc":{"start":{"line":37,"column":6},"end":{"line":53,"column":7}},"type":"switch","locations":[{"start":{"line":38,"column":8},"end":{"line":40,"column":16}},{"start":{"line":41,"column":8},"end":{"line":43,"column":16}},{"start":{"line":44,"column":8},"end":{"line":46,"column":16}},{"start":{"line":47,"column":8},"end":{"line":49,"column":16}},{"start":{"line":50,"column":8},"end":{"line":52,"column":54}}]},"3":{"loc":{"start":{"line":57,"column":4},"end":{"line":59,"column":5}},"type":"if","locations":[{"start":{"line":57,"column":4},"end":{"line":59,"column":5}}]}},"s":{"0":1,"1":3,"2":0,"3":3,"4":3,"5":3,"6":3,"7":3,"8":3,"9":3,"10":3,"11":3,"12":3,"13":3,"14":1,"15":1,"16":2,"17":2,"18":0,"19":0,"20":0,"21":0,"22":0,"23":3,"24":3,"25":0},"f":{"0":3},"b":{"0":[0],"1":[3],"2":[1,2,0,0,0],"3":[3]}}
,"/home/runner/work/url-shortener/url-shortener/tests/mocks/redisStore.ts": {"path":"/home/runner/work/url-shortener/url-shortener/tests/mocks/redisStore.ts","statementMap":{"0":{"start":{"line":20,"column":10},"end":{"line":23,"column":6}},"1":{"start":{"line":32,"column":4},"end":{"line":38,"column":5}},"2":{"start":{"line":33,"column":24},"end":{"line":33,"column":40}},"3":{"start":{"line":35,"column":6},"end":{"line":35,"column":62}},"4":{"start":{"line":37,"column":6},"end":{"line":37,"column":44}},"5":{"start":{"line":42,"column":19},"end":{"line":42,"column":38}},"6":{"start":{"line":43,"column":4},"end":{"line":43,"column":29}},"7":{"start":{"line":43,"column":17},"end":{"line":43,"column":29}},"8":{"start":{"line":45,"column":4},"end":{"line":48,"column":5}},"9":{"start":{"line":46,"column":6},"end":{"line":46,"column":29}},"10":{"start":{"line":47,"column":6},"end":{"line":47,"column":18}},"11":{"start":{"line":49,"column":4},"end":{"line":49,"column":24}},"12":{"start":{"line":57,"column":19},"end":{"line":57,"column":38}},"13":{"start":{"line":58,"column":4},"end":{"line":60,"column":5}},"14":{"start":{"line":59,"column":6},"end":{"line":59,"column":35}},"15":{"start":{"line":61,"column":4},"end":{"line":61,"column":27}},"16":{"start":{"line":68,"column":4},"end":{"line":72,"column":5}},"17":{"start":{"line":69,"column":6},"end":{"line":71,"column":7}},"18":{"start":{"line":70,"column":8},"end":{"line":70,"column":37}},"19":{"start":{"line":73,"column":4},"end":{"line":73,"column":23}},"20":{"start":{"line":89,"column":4},"end":{"line":89,"column":31}},"21":{"start":{"line":96,"column":48},"end":{"line":96,"column":50}},"22":{"start":{"line":97,"column":4},"end":{"line":99,"column":5}},"23":{"start":{"line":98,"column":6},"end":{"line":98,"column":27}},"24":{"start":{"line":100,"column":4},"end":{"line":100,"column":19}},"25":{"start":{"line":110,"column":4},"end":{"line":110,"column":11}},"26":{"start":{"line":18,"column":0},"end":{"line":18,"column":13}}},"fnMap":{"0":{"name":"(anonymous_0)","decl":{"start":{"line":18,"column":0},"end":{"line":18,"column":13}},"loc":{"start":{"line":18,"column":0},"end":{"line":112,"column":1}}},"1":{"name":"(anonymous_1)","decl":{"start":{"line":31,"column":2},"end":{"line":31,"column":7}},"loc":{"start":{"line":31,"column":56},"end":{"line":39,"column":3}}},"2":{"name":"(anonymous_2)","decl":{"start":{"line":41,"column":2},"end":{"line":41,"column":7}},"loc":{"start":{"line":41,"column":23},"end":{"line":50,"column":3}}},"3":{"name":"(anonymous_3)","decl":{"start":{"line":56,"column":2},"end":{"line":56,"column":7}},"loc":{"start":{"line":56,"column":26},"end":{"line":62,"column":3}}},"4":{"name":"(anonymous_4)","decl":{"start":{"line":67,"column":2},"end":{"line":67,"column":7}},"loc":{"start":{"line":67,"column":16},"end":{"line":74,"column":3}}},"5":{"name":"(anonymous_5)","decl":{"start":{"line":79,"column":2},"end":{"line":79,"column":12}},"loc":{"start":{"line":79,"column":12},"end":{"line":81,"column":3}}},"6":{"name":"(anonymous_6)","decl":{"start":{"line":88,"column":2},"end":{"line":88,"column":7}},"loc":{"start":{"line":88,"column":23},"end":{"line":90,"column":3}}},"7":{"name":"(anonymous_7)","decl":{"start":{"line":95,"column":2},"end":{"line":95,"column":7}},"loc":{"start":{"line":95,"column":12},"end":{"line":101,"column":3}}},"8":{"name":"(anonymous_8)","decl":{"start":{"line":108,"column":2},"end":{"line":108,"column":7}},"loc":{"start":{"line":108,"column":20},"end":{"line":111,"column":3}}}},"branchMap":{"0":{"loc":{"start":{"line":32,"column":4},"end":{"line":38,"column":5}},"type":"if","locations":[{"start":{"line":32,"column":4},"end":{"line":38,"column":5}},{"start":{"line":36,"column":11},"end":{"line":38,"column":5}}]},"1":{"loc":{"start":{"line":43,"column":4},"end":{"line":43,"column":29}},"type":"if","locations":[{"start":{"line":43,"column":4},"end":{"line":43,"column":29}}]},"2":{"loc":{"start":{"line":45,"column":4},"end":{"line":48,"column":5}},"type":"if","locations":[{"start":{"line":45,"column":4},"end":{"line":48,"column":5}}]},"3":{"loc":{"start":{"line":45,"column":8},"end":{"line":45,"column":69}},"type":"binary-expr","locations":[{"start":{"line":45,"column":8},"end":{"line":45,"column":30}},{"start":{"line":45,"column":34},"end":{"line":45,"column":69}}]},"4":{"loc":{"start":{"line":58,"column":4},"end":{"line":60,"column":5}},"type":"if","locations":[{"start":{"line":58,"column":4},"end":{"line":60,"column":5}}]},"5":{"loc":{"start":{"line":69,"column":6},"end":{"line":71,"column":7}},"type":"if","locations":[{"start":{"line":69,"column":6},"end":{"line":71,"column":7}}]}},"s":{"0":2,"1":2,"2":0,"3":0,"4":2,"5":2,"6":2,"7":0,"8":2,"9":1,"10":1,"11":1,"12":0,"13":0,"14":0,"15":0,"16":0,"17":0,"18":0,"19":0,"20":2,"21":0,"22":0,"23":0,"24":0,"25":0,"26":1},"f":{"0":2,"1":2,"2":2,"3":0,"4":0,"5":0,"6":2,"7":0,"8":0},"b":{"0":[0,2],"1":[0],"2":[1],"3":[2,1],"4":[0],"5":[0]}}
}
