{"/home/runner/work/url-shortener/url-shortener/src/index.ts": {"path":"/home/runner/work/url-shortener/url-shortener/src/index.ts","statementMap":{"0":{"start":{"line":1,"column":0},"end":{"line":1,"column":9}},"1":{"start":{"line":4,"column":9},"end":{"line":1,"column":57}},"2":{"start":{"line":2,"column":0},"end":{"line":2,"column":9}},"3":{"start":{"line":4,"column":23},"end":{"line":2,"column":49}}},"fnMap":{"0":{"name":"(anonymous_0)","decl":{"start":{"line":4,"column":9},"end":{"line":4,"column":21}},"loc":{"start":{"line":4,"column":9},"end":{"line":1,"column":57}}},"1":{"name":"(anonymous_1)","decl":{"start":{"line":4,"column":23},"end":{"line":4,"column":33}},"loc":{"start":{"line":4,"column":23},"end":{"line":2,"column":49}}}},"branchMap":{},"s":{"0":1,"1":3,"2":1,"3":1},"f":{"0":2,"1":0},"b":{}}
,"/home/runner/work/url-shortener/url-shortener/src/components/URLShortener.ts": {"path":"/home/runner/work/url-shortener/url-shortener/src/components/URLShortener.ts","statementMap":{"0":{"start":{"line":4,"column":0},"end":{"line":4,"column":57}},"1":{"start":{"line":24,"column":4},"end":{"line":24,"column":33}},"2":{"start":{"line":25,"column":4},"end":{"line":25,"column":23}},"3":{"start":{"line":41,"column":4},"end":{"line":43,"column":5}},"4":{"start":{"line":42,"column":6},"end":{"line":42,"column":45}},"5":{"start":{"line":47,"column":6},"end":{"line":47,"column":75}},"6":{"start":{"line":50,"column":4},"end":{"line":61,"column":5}},"7":{"start":{"line":51,"column":6},"end":{"line":53,"column":7}},"8":{"start":{"line":52,"column":8},"end":{"line":52,"column":52}},"9":{"start":{"line":56,"column":6},"end":{"line":60,"column":7}},"10":{"start":{"line":57,"column":8},"end":{"line":59,"column":46}},"11":{"start":{"line":58,"column":10},"end":{"line":58,"column":70}},"12":{"start":{"line":65,"column":4},"end":{"line":72,"column":5}},"13":{"start":{"line":66,"column":6},"end":{"line":68,"column":20}},"14":{"start":{"line":70,"column":6},"end":{"line":70,"column":55}},"15":{"start":{"line":71,"column":6},"end":{"line":71,"column":18}},"16":{"start":{"line":75,"column":4},"end":{"line":84,"column":5}},"17":{"start":{"line":76,"column":6},"end":{"line":80,"column":8}},"18":{"start":{"line":82,"column":6},"end":{"line":82,"column":58}},"19":{"start":{"line":83,"column":6},"end":{"line":83,"column":55}},"20":{"start":{"line":87,"column":4},"end":{"line":87,"column":41}},"21":{"start":{"line":100,"column":4},"end":{"line":105,"column":5}},"22":{"start":{"line":101,"column":6},"end":{"line":101,"column":42}},"23":{"start":{"line":103,"column":6},"end":{"line":103,"column":52}},"24":{"start":{"line":104,"column":6},"end":{"line":104,"column":18}},"25":{"start":{"line":107,"column":4},"end":{"line":107,"column":28}},"26":{"start":{"line":107,"column":16},"end":{"line":107,"column":28}},"27":{"start":{"line":110,"column":4},"end":{"line":117,"column":5}},"28":{"start":{"line":111,"column":6},"end":{"line":115,"column":7}},"29":{"start":{"line":112,"column":8},"end":{"line":112,"column":39}},"30":{"start":{"line":114,"column":8},"end":{"line":114,"column":60}},"31":{"start":{"line":116,"column":6},"end":{"line":116,"column":18}},"32":{"start":{"line":119,"column":4},"end":{"line":119,"column":21}},"33":{"start":{"line":126,"column":4},"end":{"line":131,"column":5}},"34":{"start":{"line":127,"column":6},"end":{"line":127,"column":19}},"35":{"start":{"line":128,"column":6},"end":{"line":128,"column":18}},"36":{"start":{"line":130,"column":6},"end":{"line":130,"column":19}},"37":{"start":{"line":139,"column":15},"end":{"line":139,"column":17}},"38":{"start":{"line":140,"column":4},"end":{"line":143,"column":5}},"39":{"start":{"line":140,"column":17},"end":{"line":140,"column":18}},"40":{"start":{"line":141,"column":26},"end":{"line":141,"column":82}},"41":{"start":{"line":142,"column":6},"end":{"line":142,"column":49}},"42":{"start":{"line":144,"column":4},"end":{"line":144,"column":16}},"43":{"start":{"line":10,"column":0},"end":{"line":10,"column":13}},"44":{"start":{"line":14,"column":26},"end":{"line":14,"column":50}},"45":{"start":{"line":15,"column":26},"end":{"line":16,"column":69}}},"fnMap":{"0":{"name":"(anonymous_0)","decl":{"start":{"line":23,"column":2},"end":{"line":23,"column":14}},"loc":{"start":{"line":23,"column":53},"end":{"line":26,"column":3}}},"1":{"name":"(anonymous_1)","decl":{"start":{"line":39,"column":2},"end":{"line":39,"column":7}},"loc":{"start":{"line":39,"column":57},"end":{"line":88,"column":3}}},"2":{"name":"(anonymous_2)","decl":{"start":{"line":98,"column":2},"end":{"line":98,"column":7}},"loc":{"start":{"line":98,"column":29},"end":{"line":120,"column":3}}},"3":{"name":"(anonymous_3)","decl":{"start":{"line":125,"column":10},"end":{"line":125,"column":20}},"loc":{"start":{"line":125,"column":32},"end":{"line":132,"column":3}}},"4":{"name":"(anonymous_4)","decl":{"start":{"line":138,"column":10},"end":{"line":138,"column":22}},"loc":{"start":{"line":138,"column":37},"end":{"line":145,"column":3}}}},"branchMap":{"0":{"loc":{"start":{"line":41,"column":4},"end":{"line":43,"column":5}},"type":"if","locations":[{"start":{"line":41,"column":4},"end":{"line":43,"column":5}}]},"1":{"loc":{"start":{"line":47,"column":6},"end":{"line":47,"column":75}},"type":"binary-expr","locations":[{"start":{"line":47,"column":6},"end":{"line":47,"column":20}},{"start":{"line":47,"column":24},"end":{"line":47,"column":75}}]},"2":{"loc":{"start":{"line":50,"column":4},"end":{"line":61,"column":5}},"type":"if","locations":[{"start":{"line":50,"column":4},"end":{"line":61,"column":5}}]},"3":{"loc":{"start":{"line":51,"column":6},"end":{"line":53,"column":7}},"type":"if","locations":[{"start":{"line":51,"column":6},"end":{"line":53,"column":7}}]},"4":{"loc":{"start":{"line":51,"column":10},"end":{"line":51,"column":46}},"type":"binary-expr","locations":[{"start":{"line":51,"column":10},"end":{"line":51,"column":24}},{"start":{"line":51,"column":28},"end":{"line":51,"column":46}}]},"5":{"loc":{"start":{"line":56,"column":6},"end":{"line":60,"column":7}},"type":"if","locations":[{"start":{"line":56,"column":6},"end":{"line":60,"column":7}}]},"6":{"loc":{"start":{"line":66,"column":18},"end":{"line":68,"column":19}},"type":"cond-expr","locations":[{"start":{"line":67,"column":10},"end":{"line":67,"column":56}},{"start":{"line":68,"column":10},"end":{"line":68,"column":19}}]},"7":{"loc":{"start":{"line":79,"column":8},"end":{"line":79,"column":34}},"type":"binary-expr","locations":[{"start":{"line":79,"column":8},"end":{"line":79,"column":25}},{"start":{"line":79,"column":29},"end":{"line":79,"column":34}}]},"8":{"loc":{"start":{"line":107,"column":4},"end":{"line":107,"column":28}},"type":"if","locations":[{"start":{"line":107,"column":4},"end":{"line":107,"column":28}}]},"9":{"loc":{"start":{"line":110,"column":4},"end":{"line":117,"column":5}},"type":"if","locations":[{"start":{"line":110,"column":4},"end":{"line":117,"column":5}}]},"10":{"loc":{"start":{"line":110,"column":8},"end":{"line":110,"column":55}},"type":"binary-expr","locations":[{"start":{"line":110,"column":8},"end":{"line":110,"column":23}},{"start":{"line":110,"column":27},"end":{"line":110,"column":55}}]}},"s":{"0":1,"1":2,"2":2,"3":2,"4":0,"5":2,"6":2,"7":0,"8":0,"9":0,"10":0,"11":0,"12":2,"13":2,"14":0,"15":0,"16":2,"17":2,"18":0,"19":0,"20":2,"21":2,"22":2,"23":0,"24":0,"25":2,"26":1,"27":1,"28":0,"29":0,"30":0,"31":0,"32":1,"33":2,"34":2,"35":2,"36":0,"37":0,"38":0,"39":0,"40":0,"41":0,"42":0,"43":1,"44":1,"45":1},"f":{"0":2,"1":2,"2":2,"3":2,"4":0},"b":{"0":[0],"1":[2,0],"2":[0],"3":[0],"4":[0,0],"5":[0],"6":[1,1],"7":[2,2],"8":[1],"9":[0],"10":[1,0]}}
,"/home/runner/work/url-shortener/url-shortener/src/stores/redisStore.ts": {"path":"/home/runner/work/url-shortener/url-shortener/src/stores/redisStore.ts","statementMap":{"0":{"start":{"line":16,"column":22},"end":{"line":16,"column":45}},"1":{"start":{"line":19,"column":4},"end":{"line":25,"column":5}},"2":{"start":{"line":20,"column":19},"end":{"line":20,"column":47}},"3":{"start":{"line":21,"column":6},"end":{"line":21,"column":44}},"4":{"start":{"line":23,"column":6},"end":{"line":23,"column":71}},"5":{"start":{"line":24,"column":6},"end":{"line":24,"column":18}},"6":{"start":{"line":33,"column":4},"end":{"line":54,"column":5}},"7":{"start":{"line":34,"column":21},"end":{"line":34,"column":42}},"8":{"start":{"line":35,"column":6},"end":{"line":39,"column":7}},"9":{"start":{"line":36,"column":8},"end":{"line":38,"column":10}},"10":{"start":{"line":41,"column":26},"end":{"line":41,"column":30}},"11":{"start":{"line":43,"column":18},"end":{"line":45,"column":19}},"12":{"start":{"line":46,"column":6},"end":{"line":50,"column":7}},"13":{"start":{"line":47,"column":8},"end":{"line":47,"column":73}},"14":{"start":{"line":49,"column":8},"end":{"line":49,"column":60}},"15":{"start":{"line":52,"column":6},"end":{"line":52,"column":69}},"16":{"start":{"line":53,"column":6},"end":{"line":53,"column":18}},"17":{"start":{"line":58,"column":4},"end":{"line":62,"column":5}},"18":{"start":{"line":59,"column":6},"end":{"line":59,"column":35}},"19":{"start":{"line":61,"column":6},"end":{"line":61,"column":72}},"20":{"start":{"line":66,"column":4},"end":{"line":71,"column":5}},"21":{"start":{"line":67,"column":6},"end":{"line":67,"column":53}},"22":{"start":{"line":69,"column":6},"end":{"line":69,"column":70}},"23":{"start":{"line":70,"column":6},"end":{"line":70,"column":19}},"24":{"start":{"line":75,"column":48},"end":{"line":75,"column":50}},"25":{"start":{"line":76,"column":4},"end":{"line":88,"column":5}},"26":{"start":{"line":77,"column":19},"end":{"line":77,"column":46}},"27":{"start":{"line":78,"column":6},"end":{"line":85,"column":7}},"28":{"start":{"line":79,"column":8},"end":{"line":84,"column":9}},"29":{"start":{"line":80,"column":22},"end":{"line":80,"column":48}},"30":{"start":{"line":81,"column":10},"end":{"line":81,"column":50}},"31":{"start":{"line":81,"column":19},"end":{"line":81,"column":50}},"32":{"start":{"line":83,"column":10},"end":{"line":83,"column":74}},"33":{"start":{"line":87,"column":6},"end":{"line":87,"column":61}},"34":{"start":{"line":89,"column":4},"end":{"line":89,"column":19}},"35":{"start":{"line":93,"column":4},"end":{"line":114,"column":5}},"36":{"start":{"line":94,"column":19},"end":{"line":94,"column":46}},"37":{"start":{"line":95,"column":18},"end":{"line":95,"column":28}},"38":{"start":{"line":96,"column":6},"end":{"line":111,"column":7}},"39":{"start":{"line":97,"column":8},"end":{"line":110,"column":9}},"40":{"start":{"line":98,"column":22},"end":{"line":98,"column":48}},"41":{"start":{"line":99,"column":10},"end":{"line":104,"column":11}},"42":{"start":{"line":100,"column":38},"end":{"line":100,"column":53}},"43":{"start":{"line":101,"column":12},"end":{"line":103,"column":13}},"44":{"start":{"line":102,"column":14},"end":{"line":102,"column":41}},"45":{"start":{"line":106,"column":10},"end":{"line":109,"column":12}},"46":{"start":{"line":113,"column":6},"end":{"line":113,"column":68}},"47":{"start":{"line":15,"column":0},"end":{"line":15,"column":13}}},"fnMap":{"0":{"name":"(anonymous_0)","decl":{"start":{"line":16,"column":2},"end":{"line":16,"column":22}},"loc":{"start":{"line":16,"column":45},"end":{"line":16,"column":49}}},"1":{"name":"(anonymous_1)","decl":{"start":{"line":18,"column":2},"end":{"line":18,"column":7}},"loc":{"start":{"line":18,"column":25},"end":{"line":26,"column":3}}},"2":{"name":"(anonymous_2)","decl":{"start":{"line":28,"column":2},"end":{"line":28,"column":7}},"loc":{"start":{"line":31,"column":29},"end":{"line":55,"column":3}}},"3":{"name":"(anonymous_3)","decl":{"start":{"line":57,"column":2},"end":{"line":57,"column":7}},"loc":{"start":{"line":57,"column":28},"end":{"line":63,"column":3}}},"4":{"name":"(anonymous_4)","decl":{"start":{"line":65,"column":2},"end":{"line":65,"column":7}},"loc":{"start":{"line":65,"column":25},"end":{"line":72,"column":3}}},"5":{"name":"(anonymous_5)","decl":{"start":{"line":74,"column":2},"end":{"line":74,"column":7}},"loc":{"start":{"line":74,"column":12},"end":{"line":90,"column":3}}},"6":{"name":"(anonymous_6)","decl":{"start":{"line":92,"column":2},"end":{"line":92,"column":7}},"loc":{"start":{"line":92,"column":20},"end":{"line":115,"column":3}}}},"branchMap":{"0":{"loc":{"start":{"line":21,"column":13},"end":{"line":21,"column":43}},"type":"cond-expr","locations":[{"start":{"line":21,"column":20},"end":{"line":21,"column":36}},{"start":{"line":21,"column":39},"end":{"line":21,"column":43}}]},"1":{"loc":{"start":{"line":31,"column":4},"end":{"line":31,"column":29}},"type":"default-arg","locations":[{"start":{"line":31,"column":24},"end":{"line":31,"column":29}}]},"2":{"loc":{"start":{"line":35,"column":6},"end":{"line":39,"column":7}},"type":"if","locations":[{"start":{"line":35,"column":6},"end":{"line":39,"column":7}}]},"3":{"loc":{"start":{"line":35,"column":10},"end":{"line":35,"column":29}},"type":"binary-expr","locations":[{"start":{"line":35,"column":10},"end":{"line":35,"column":16}},{"start":{"line":35,"column":20},"end":{"line":35,"column":29}}]},"4":{"loc":{"start":{"line":43,"column":18},"end":{"line":45,"column":19}},"type":"cond-expr","locations":[{"start":{"line":44,"column":10},"end":{"line":44,"column":65}},{"start":{"line":45,"column":10},"end":{"line":45,"column":19}}]},"5":{"loc":{"start":{"line":46,"column":6},"end":{"line":50,"column":7}},"type":"if","locations":[{"start":{"line":46,"column":6},"end":{"line":50,"column":7}},{"start":{"line":48,"column":13},"end":{"line":50,"column":7}}]},"6":{"loc":{"start":{"line":46,"column":10},"end":{"line":46,"column":24}},"type":"binary-expr","locations":[{"start":{"line":46,"column":10},"end":{"line":46,"column":13}},{"start":{"line":46,"column":17},"end":{"line":46,"column":24}}]},"7":{"loc":{"start":{"line":81,"column":10},"end":{"line":81,"column":50}},"type":"if","locations":[{"start":{"line":81,"column":10},"end":{"line":81,"column":50}}]},"8":{"loc":{"start":{"line":99,"column":10},"end":{"line":104,"column":11}},"type":"if","locations":[{"start":{"line":99,"column":10},"end":{"line":104,"column":11}}]},"9":{"loc":{"start":{"line":101,"column":12},"end":{"line":103,"column":13}},"type":"if","locations":[{"start":{"line":101,"column":12},"end":{"line":103,"column":13}}]},"10":{"loc":{"start":{"line":101,"column":16},"end":{"line":101,"column":56}},"type":"binary-expr","locations":[{"start":{"line":101,"column":16},"end":{"line":101,"column":31}},{"start":{"line":101,"column":35},"end":{"line":101,"column":56}}]}},"s":{"0":0,"1":0,"2":0,"3":0,"4":0,"5":0,"6":0,"7":0,"8":0,"9":0,"10":0,"11":0,"12":0,"13":0,"14":0,"15":0,"16":0,"17":0,"18":0,"19":0,"20":0,"21":0,"22":0,"23":0,"24":0,"25":0,"26":0,"27":0,"28":0,"29":0,"30":0,"31":0,"32":0,"33":0,"34":0,"35":0,"36":0,"37":0,"38":0,"39":0,"40":0,"41":0,"42":0,"43":0,"44":0,"45":0,"46":0,"47":1},"f":{"0":0,"1":0,"2":0,"3":0,"4":0,"5":0,"6":0},"b":{"0":[0,0],"1":[0],"2":[0],"3":[0,0],"4":[0,0],"5":[0,0],"6":[0,0],"7":[0],"8":[0],"9":[0],"10":[0,0]}}
,"/home/runner/work/url-shortener/url-shortener/src/utils/parseExpiresIn.ts": {"path":"/home/runner/work/url-shortener/url-shortener/src/utils/parseExpiresIn.ts","statementMap":{"0":{"start":{"line":15,"column":0},"end":{"line":15,"column":16}},"1":{"start":{"line":17,"column":2},"end":{"line":17,"column":46}},"2":{"start":{"line":17,"column":33},"end":{"line":17,"column":46}},"3":{"start":{"line":20,"column":28},"end":{"line":20,"column":30}},"4":{"start":{"line":21,"column":26},"end":{"line":21,"column":28}},"5":{"start":{"line":22,"column":23},"end":{"line":22,"column":25}},"6":{"start":{"line":24,"column":24},"end":{"line":24,"column":28}},"7":{"start":{"line":25,"column":24},"end":{"line":25,"column":57}},"8":{"start":{"line":26,"column":22},"end":{"line":26,"column":53}},"9":{"start":{"line":27,"column":21},"end":{"line":27,"column":47}},"10":{"start":{"line":29,"column":2},"end":{"line":66,"column":3}},"11":{"start":{"line":32,"column":18},"end":{"line":32,"column":48}},"12":{"start":{"line":33,"column":28},"end":{"line":33,"column":29}},"13":{"start":{"line":37,"column":4},"end":{"line":60,"column":5}},"14":{"start":{"line":38,"column":34},"end":{"line":38,"column":39}},"15":{"start":{"line":39,"column":21},"end":{"line":39,"column":42}},"16":{"start":{"line":41,"column":6},"end":{"line":59,"column":7}},"17":{"start":{"line":43,"column":10},"end":{"line":43,"column":38}},"18":{"start":{"line":44,"column":10},"end":{"line":44,"column":16}},"19":{"start":{"line":46,"column":10},"end":{"line":46,"column":54}},"20":{"start":{"line":47,"column":10},"end":{"line":47,"column":16}},"21":{"start":{"line":49,"column":10},"end":{"line":49,"column":54}},"22":{"start":{"line":50,"column":10},"end":{"line":50,"column":16}},"23":{"start":{"line":52,"column":10},"end":{"line":52,"column":52}},"24":{"start":{"line":53,"column":10},"end":{"line":53,"column":16}},"25":{"start":{"line":55,"column":10},"end":{"line":55,"column":51}},"26":{"start":{"line":56,"column":10},"end":{"line":56,"column":16}},"27":{"start":{"line":58,"column":10},"end":{"line":58,"column":54}},"28":{"start":{"line":63,"column":4},"end":{"line":65,"column":5}},"29":{"start":{"line":64,"column":6},"end":{"line":64,"column":31}},"30":{"start":{"line":69,"column":2},"end":{"line":69,"column":46}}},"fnMap":{"0":{"name":"parseExpiresIn","decl":{"start":{"line":15,"column":16},"end":{"line":15,"column":30}},"loc":{"start":{"line":15,"column":53},"end":{"line":70,"column":1}}}},"branchMap":{"0":{"loc":{"start":{"line":17,"column":2},"end":{"line":17,"column":46}},"type":"if","locations":[{"start":{"line":17,"column":2},"end":{"line":17,"column":46}}]},"1":{"loc":{"start":{"line":29,"column":2},"end":{"line":66,"column":3}},"type":"if","locations":[{"start":{"line":29,"column":2},"end":{"line":66,"column":3}}]},"2":{"loc":{"start":{"line":41,"column":6},"end":{"line":59,"column":7}},"type":"switch","locations":[{"start":{"line":42,"column":8},"end":{"line":44,"column":16}},{"start":{"line":45,"column":8},"end":{"line":47,"column":16}},{"start":{"line":48,"column":8},"end":{"line":50,"column":16}},{"start":{"line":51,"column":8},"end":{"line":53,"column":16}},{"start":{"line":54,"column":8},"end":{"line":56,"column":16}},{"start":{"line":57,"column":8},"end":{"line":58,"column":54}}]},"3":{"loc":{"start":{"line":63,"column":4},"end":{"line":65,"column":5}},"type":"if","locations":[{"start":{"line":63,"column":4},"end":{"line":65,"column":5}}]}},"s":{"0":1,"1":1,"2":0,"3":1,"4":1,"5":1,"6":1,"7":1,"8":1,"9":1,"10":1,"11":1,"12":1,"13":1,"14":1,"15":1,"16":1,"17":1,"18":1,"19":0,"20":0,"21":0,"22":0,"23":0,"24":0,"25":0,"26":0,"27":0,"28":1,"29":1,"30":0},"f":{"0":1},"b":{"0":[0],"1":[1],"2":[1,0,0,0,0,0],"3":[1]}}
,"/home/runner/work/url-shortener/url-shortener/tests/mocks/redisStore.ts": {"path":"/home/runner/work/url-shortener/url-shortener/tests/mocks/redisStore.ts","statementMap":{"0":{"start":{"line":21,"column":10},"end":{"line":24,"column":6}},"1":{"start":{"line":33,"column":19},"end":{"line":33,"column":38}},"2":{"start":{"line":34,"column":4},"end":{"line":36,"column":5}},"3":{"start":{"line":35,"column":6},"end":{"line":35,"column":50}},"4":{"start":{"line":38,"column":4},"end":{"line":38,"column":42}},"5":{"start":{"line":42,"column":19},"end":{"line":42,"column":38}},"6":{"start":{"line":43,"column":4},"end":{"line":43,"column":29}},"7":{"start":{"line":43,"column":17},"end":{"line":43,"column":29}},"8":{"start":{"line":45,"column":4},"end":{"line":48,"column":5}},"9":{"start":{"line":46,"column":6},"end":{"line":46,"column":29}},"10":{"start":{"line":47,"column":6},"end":{"line":47,"column":18}},"11":{"start":{"line":49,"column":4},"end":{"line":49,"column":24}},"12":{"start":{"line":57,"column":19},"end":{"line":57,"column":38}},"13":{"start":{"line":58,"column":4},"end":{"line":60,"column":5}},"14":{"start":{"line":59,"column":6},"end":{"line":59,"column":35}},"15":{"start":{"line":61,"column":4},"end":{"line":61,"column":27}},"16":{"start":{"line":68,"column":4},"end":{"line":72,"column":5}},"17":{"start":{"line":69,"column":6},"end":{"line":71,"column":7}},"18":{"start":{"line":70,"column":8},"end":{"line":70,"column":37}},"19":{"start":{"line":73,"column":4},"end":{"line":73,"column":23}},"20":{"start":{"line":89,"column":4},"end":{"line":89,"column":31}},"21":{"start":{"line":96,"column":48},"end":{"line":96,"column":50}},"22":{"start":{"line":97,"column":4},"end":{"line":99,"column":5}},"23":{"start":{"line":98,"column":6},"end":{"line":98,"column":27}},"24":{"start":{"line":100,"column":4},"end":{"line":100,"column":19}},"25":{"start":{"line":110,"column":4},"end":{"line":110,"column":11}},"26":{"start":{"line":19,"column":0},"end":{"line":19,"column":13}}},"fnMap":{"0":{"name":"(anonymous_0)","decl":{"start":{"line":19,"column":0},"end":{"line":19,"column":13}},"loc":{"start":{"line":19,"column":0},"end":{"line":112,"column":1}}},"1":{"name":"(anonymous_1)","decl":{"start":{"line":32,"column":2},"end":{"line":32,"column":7}},"loc":{"start":{"line":32,"column":62},"end":{"line":39,"column":3}}},"2":{"name":"(anonymous_2)","decl":{"start":{"line":41,"column":2},"end":{"line":41,"column":7}},"loc":{"start":{"line":41,"column":23},"end":{"line":50,"column":3}}},"3":{"name":"(anonymous_3)","decl":{"start":{"line":56,"column":2},"end":{"line":56,"column":7}},"loc":{"start":{"line":56,"column":26},"end":{"line":62,"column":3}}},"4":{"name":"(anonymous_4)","decl":{"start":{"line":67,"column":2},"end":{"line":67,"column":7}},"loc":{"start":{"line":67,"column":16},"end":{"line":74,"column":3}}},"5":{"name":"(anonymous_5)","decl":{"start":{"line":79,"column":2},"end":{"line":79,"column":12}},"loc":{"start":{"line":79,"column":12},"end":{"line":81,"column":3}}},"6":{"name":"(anonymous_6)","decl":{"start":{"line":88,"column":2},"end":{"line":88,"column":7}},"loc":{"start":{"line":88,"column":23},"end":{"line":90,"column":3}}},"7":{"name":"(anonymous_7)","decl":{"start":{"line":95,"column":2},"end":{"line":95,"column":7}},"loc":{"start":{"line":95,"column":12},"end":{"line":101,"column":3}}},"8":{"name":"(anonymous_8)","decl":{"start":{"line":108,"column":2},"end":{"line":108,"column":7}},"loc":{"start":{"line":108,"column":20},"end":{"line":111,"column":3}}}},"branchMap":{"0":{"loc":{"start":{"line":34,"column":4},"end":{"line":36,"column":5}},"type":"if","locations":[{"start":{"line":34,"column":4},"end":{"line":36,"column":5}}]},"1":{"loc":{"start":{"line":34,"column":8},"end":{"line":34,"column":27}},"type":"binary-expr","locations":[{"start":{"line":34,"column":8},"end":{"line":34,"column":14}},{"start":{"line":34,"column":18},"end":{"line":34,"column":27}}]},"2":{"loc":{"start":{"line":43,"column":4},"end":{"line":43,"column":29}},"type":"if","locations":[{"start":{"line":43,"column":4},"end":{"line":43,"column":29}}]},"3":{"loc":{"start":{"line":45,"column":4},"end":{"line":48,"column":5}},"type":"if","locations":[{"start":{"line":45,"column":4},"end":{"line":48,"column":5}}]},"4":{"loc":{"start":{"line":45,"column":8},"end":{"line":45,"column":69}},"type":"binary-expr","locations":[{"start":{"line":45,"column":8},"end":{"line":45,"column":30}},{"start":{"line":45,"column":34},"end":{"line":45,"column":69}}]},"5":{"loc":{"start":{"line":58,"column":4},"end":{"line":60,"column":5}},"type":"if","locations":[{"start":{"line":58,"column":4},"end":{"line":60,"column":5}}]},"6":{"loc":{"start":{"line":69,"column":6},"end":{"line":71,"column":7}},"type":"if","locations":[{"start":{"line":69,"column":6},"end":{"line":71,"column":7}}]}},"s":{"0":2,"1":2,"2":2,"3":0,"4":2,"5":2,"6":2,"7":0,"8":2,"9":1,"10":1,"11":1,"12":0,"13":0,"14":0,"15":0,"16":0,"17":0,"18":0,"19":0,"20":4,"21":0,"22":0,"23":0,"24":0,"25":0,"26":1},"f":{"0":2,"1":2,"2":2,"3":0,"4":0,"5":0,"6":4,"7":0,"8":0},"b":{"0":[0],"1":[2,0],"2":[0],"3":[1],"4":[2,1],"5":[0],"6":[0]}}
}
