TN:
SF:src/index.ts
FN:3,(anonymous_0)
FNF:1
FNH:1
FNDA:5,(anonymous_0)
DA:1,1
DA:3,6
DA:4,1
LF:3
LH:3
BRF:0
BRH:0
end_of_record
TN:
SF:src/components/URLShortener.ts
FN:20,(anonymous_0)
FN:33,(anonymous_1)
FN:81,(anonymous_2)
FN:110,(anonymous_3)
FN:122,(anonymous_4)
FNF:5
FNH:4
FNDA:5,(anonymous_0)
FNDA:5,(anonymous_1)
FNDA:3,(anonymous_2)
FNDA:5,(anonymous_3)
FNDA:0,(anonymous_4)
DA:5,1
DA:6,1
DA:12,1
DA:16,1
DA:17,1
DA:24,5
DA:25,5
DA:35,5
DA:36,1
DA:41,4
DA:44,4
DA:45,1
DA:46,1
DA:49,0
DA:50,0
DA:54,3
DA:55,3
DA:57,3
DA:61,0
DA:62,0
DA:65,3
DA:67,3
DA:69,0
DA:70,0
DA:74,3
DA:83,3
DA:84,3
DA:86,0
DA:87,0
DA:90,3
DA:91,1
DA:95,2
DA:96,1
DA:97,1
DA:99,0
DA:101,1
DA:104,1
DA:111,5
DA:112,5
DA:113,4
DA:115,1
DA:123,0
DA:124,0
DA:125,0
DA:126,0
DA:128,0
LF:46
LH:32
BRDA:21,0,0,0
BRDA:22,1,0,5
BRDA:35,2,0,1
BRDA:41,3,0,4
BRDA:41,3,1,0
BRDA:44,4,0,1
BRDA:45,5,0,1
BRDA:57,6,0,1
BRDA:57,6,1,2
BRDA:90,7,0,1
BRDA:95,8,0,1
BRDA:95,9,0,2
BRDA:95,9,1,1
BRF:13
BRH:11
end_of_record
TN:
SF:src/stores/inMemoryStore.ts
FN:7,(anonymous_0)
FN:11,(anonymous_1)
FN:16,(anonymous_2)
FN:21,(anonymous_3)
FN:26,(anonymous_4)
FN:31,(anonymous_5)
FN:40,(anonymous_6)
FNF:7
FNH:5
FNDA:5,(anonymous_0)
FNDA:3,(anonymous_1)
FNDA:3,(anonymous_2)
FNDA:1,(anonymous_3)
FNDA:4,(anonymous_4)
FNDA:0,(anonymous_5)
FNDA:0,(anonymous_6)
DA:7,1
DA:8,5
DA:12,3
DA:17,3
DA:22,1
DA:27,4
DA:32,0
DA:33,0
DA:34,0
DA:36,0
DA:41,0
DA:42,0
DA:43,0
DA:44,0
LF:14
LH:6
BRDA:12,0,0,3
BRDA:12,0,1,1
BRDA:43,1,0,0
BRDA:43,2,0,0
BRDA:43,2,1,0
BRF:5
BRH:2
end_of_record
TN:
SF:src/utils/parseExpiresIn.ts
FN:9,parseExpiresIn
FNF:1
FNH:1
FNDA:1,parseExpiresIn
DA:9,1
DA:10,1
DA:11,1
DA:18,1
DA:21,1
DA:22,1
DA:23,1
DA:24,1
DA:25,1
DA:28,0
DA:29,0
DA:34,1
DA:35,0
DA:40,1
LF:14
LH:11
BRDA:34,0,0,0
BRF:1
BRH:0
end_of_record
