TN:
SF:src/index.ts
FN:4,(anonymous_0)
FN:4,(anonymous_1)
FNF:2
FNH:1
FNDA:2,(anonymous_0)
FNDA:0,(anonymous_1)
DA:1,1
DA:2,1
DA:4,3
LF:3
LH:3
BRF:0
BRH:0
end_of_record
TN:
SF:src/components/URLShortener.ts
FN:23,(anonymous_0)
FN:39,(anonymous_1)
FN:98,(anonymous_2)
FN:125,(anonymous_3)
FN:138,(anonymous_4)
FNF:5
FNH:4
FNDA:2,(anonymous_0)
FNDA:2,(anonymous_1)
FNDA:2,(anonymous_2)
FNDA:2,(anonymous_3)
FNDA:0,(anonymous_4)
DA:4,1
DA:10,1
DA:14,1
DA:15,1
DA:24,2
DA:25,2
DA:41,2
DA:42,0
DA:47,2
DA:50,2
DA:51,0
DA:52,0
DA:56,0
DA:57,0
DA:58,0
DA:65,2
DA:66,2
DA:70,0
DA:71,0
DA:75,2
DA:76,2
DA:82,0
DA:83,0
DA:87,2
DA:100,2
DA:101,2
DA:103,0
DA:104,0
DA:107,2
DA:110,1
DA:111,0
DA:112,0
DA:114,0
DA:116,0
DA:119,1
DA:126,2
DA:127,2
DA:128,2
DA:130,0
DA:139,0
DA:140,0
DA:141,0
DA:142,0
DA:144,0
LF:44
LH:22
BRDA:41,0,0,0
BRDA:47,1,0,2
BRDA:47,1,1,0
BRDA:50,2,0,0
BRDA:51,3,0,0
BRDA:51,4,0,0
BRDA:51,4,1,0
BRDA:56,5,0,0
BRDA:66,6,0,1
BRDA:66,6,1,1
BRDA:79,7,0,2
BRDA:79,7,1,2
BRDA:107,8,0,1
BRDA:110,9,0,0
BRDA:110,10,0,1
BRDA:110,10,1,0
BRF:16
BRH:7
end_of_record
TN:
SF:src/stores/redisStore.ts
FN:16,(anonymous_0)
FN:18,(anonymous_1)
FN:28,(anonymous_2)
FN:57,(anonymous_3)
FN:65,(anonymous_4)
FN:74,(anonymous_5)
FN:92,(anonymous_6)
FNF:7
FNH:0
FNDA:0,(anonymous_0)
FNDA:0,(anonymous_1)
FNDA:0,(anonymous_2)
FNDA:0,(anonymous_3)
FNDA:0,(anonymous_4)
FNDA:0,(anonymous_5)
FNDA:0,(anonymous_6)
DA:15,1
DA:16,0
DA:19,0
DA:20,0
DA:21,0
DA:23,0
DA:24,0
DA:33,0
DA:34,0
DA:35,0
DA:36,0
DA:41,0
DA:43,0
DA:46,0
DA:47,0
DA:49,0
DA:52,0
DA:53,0
DA:58,0
DA:59,0
DA:61,0
DA:66,0
DA:67,0
DA:69,0
DA:70,0
DA:75,0
DA:76,0
DA:77,0
DA:78,0
DA:79,0
DA:80,0
DA:81,0
DA:83,0
DA:87,0
DA:89,0
DA:93,0
DA:94,0
DA:95,0
DA:96,0
DA:97,0
DA:98,0
DA:99,0
DA:100,0
DA:101,0
DA:102,0
DA:106,0
DA:113,0
LF:47
LH:1
BRDA:21,0,0,0
BRDA:21,0,1,0
BRDA:31,1,0,0
BRDA:35,2,0,0
BRDA:35,3,0,0
BRDA:35,3,1,0
BRDA:43,4,0,0
BRDA:43,4,1,0
BRDA:46,5,0,0
BRDA:46,5,1,0
BRDA:46,6,0,0
BRDA:46,6,1,0
BRDA:81,7,0,0
BRDA:99,8,0,0
BRDA:101,9,0,0
BRDA:101,10,0,0
BRDA:101,10,1,0
BRF:17
BRH:0
end_of_record
TN:
SF:src/utils/parseExpiresIn.ts
FN:15,parseExpiresIn
FNF:1
FNH:1
FNDA:1,parseExpiresIn
DA:15,1
DA:17,1
DA:20,1
DA:21,1
DA:22,1
DA:24,1
DA:25,1
DA:26,1
DA:27,1
DA:29,1
DA:32,1
DA:33,1
DA:37,1
DA:38,1
DA:39,1
DA:41,1
DA:43,1
DA:44,1
DA:46,0
DA:47,0
DA:49,0
DA:50,0
DA:52,0
DA:53,0
DA:55,0
DA:56,0
DA:58,0
DA:63,1
DA:64,1
DA:69,0
LF:30
LH:20
BRDA:17,0,0,0
BRDA:29,1,0,1
BRDA:41,2,0,1
BRDA:41,2,1,0
BRDA:41,2,2,0
BRDA:41,2,3,0
BRDA:41,2,4,0
BRDA:41,2,5,0
BRDA:63,3,0,1
BRF:9
BRH:3
end_of_record
TN:
SF:tests/mocks/redisStore.ts
FN:19,(anonymous_0)
FN:32,(anonymous_1)
FN:41,(anonymous_2)
FN:56,(anonymous_3)
FN:67,(anonymous_4)
FN:79,(anonymous_5)
FN:88,(anonymous_6)
FN:95,(anonymous_7)
FN:108,(anonymous_8)
FNF:9
FNH:4
FNDA:2,(anonymous_0)
FNDA:2,(anonymous_1)
FNDA:2,(anonymous_2)
FNDA:0,(anonymous_3)
FNDA:0,(anonymous_4)
FNDA:0,(anonymous_5)
FNDA:4,(anonymous_6)
FNDA:0,(anonymous_7)
FNDA:0,(anonymous_8)
DA:19,1
DA:21,2
DA:33,2
DA:34,2
DA:35,0
DA:38,2
DA:42,2
DA:43,2
DA:45,2
DA:46,1
DA:47,1
DA:49,1
DA:57,0
DA:58,0
DA:59,0
DA:61,0
DA:68,0
DA:69,0
DA:70,0
DA:73,0
DA:89,4
DA:96,0
DA:97,0
DA:98,0
DA:100,0
DA:110,0
LF:26
LH:12
BRDA:34,0,0,0
BRDA:34,1,0,2
BRDA:34,1,1,0
BRDA:43,2,0,0
BRDA:45,3,0,1
BRDA:45,4,0,2
BRDA:45,4,1,1
BRDA:58,5,0,0
BRDA:69,6,0,0
BRF:9
BRH:4
end_of_record
